<?xml version="1.0" encoding="UTF-8"?>
<!-- Generated by org.testng.reporters.JUnitReportReporter -->
<testsuite skipped="0" hostname="berj4olmoh" name="testCases.TC001_BorlandTest" tests="1" failures="0" timestamp="10 Jun 2017 08:23:26 GMT" time="11.565" errors="0">
  <testcase name="testLogin" time="11.565" classname="testCases.TC001_BorlandTest"/>
</testsuite> <!-- testCases.TC001_BorlandTest -->
